<?xml version="1.0" encoding="UTF-8"?>
<!-- Generated by org.testng.reporters.JUnitXMLReporter -->
<testsuite ignored="1" hostname="LKLT1248" failures="4" tests="5" name="Application Test" time="54.389" errors="0" timestamp="2022-07-13T15:02:51 IST">
  <testcase classname="testclasses.AllCoursesTests" name="filterByCategory" time="0.005">
    <failure type="java.lang.ArrayIndexOutOfBoundsException" message="Index 1 out of bounds for length 1">
      <![CDATA[java.lang.ArrayIndexOutOfBoundsException: Index 1 out of bounds for length 1
at com.letskodeit.base.CustomDriver.getByType(CustomDriver.java:94)
at com.letskodeit.base.CustomDriver.getElement(CustomDriver.java:131)
at com.letskodeit.base.CustomDriver.elementClick(CustomDriver.java:229)
at com.letskodeit.pageclasses.NavigationPage.allCourses(NavigationPage.java:43)
at testclasses.AllCoursesTests.filterByCategory(AllCoursesTests.java:59)
at java.base/java.util.ArrayList.forEach(ArrayList.java:1511)
... Removed 27 stack frames]]>
    </failure>
  </testcase> <!-- filterByCategory -->
  <testcase classname="testclasses.AllCoursesTests" name="setUp" time="10.048">
    <failure type="org.openqa.selenium.ElementNotInteractableException" message="element not interactable
  (Session info: chrome=103.0.5060.114)
Build info: version: &amp;apos;4.1.4&amp;apos;, revision: &amp;apos;535d840ee2&amp;apos;
System info: host: &amp;apos;LKLT1248&amp;apos;, ip: &amp;apos;192.168.8.103&amp;apos;, os.name: &amp;apos;Windows 11&amp;apos;, os.arch: &amp;apos;amd64&amp;apos;, os.version: &amp;apos;10.0&amp;apos;, java.version: &amp;apos;17.0.2&amp;apos;
Driver info: org.openqa.selenium.chrome.ChromeDriver
Command: [dbbcd9abeedb6f0d8a5104c8d094e780, clearElement {id=70654751-fb6a-4d57-aec0-77459bb48b45}]
Capabilities {acceptInsecureCerts: false, browserName: chrome, browserVersion: 103.0.5060.114, chrome: {chromedriverVersion: 103.0.5060.53 (a1711811edd7..., userDataDir: C:\Users\DHANUS~1\AppData\L...}, goog:chromeOptions: {debuggerAddress: localhost:5326}, javascriptEnabled: true, networkConnectionEnabled: false, pageLoadStrategy: normal, platform: WINDOWS, platformName: WINDOWS, proxy: Proxy(), se:cdp: ws://localhost:5326/devtool..., se:cdpVersion: 103.0.5060.114, setWindowRect: true, strictFileInteractability: false, timeouts: {implicit: 0, pageLoad: 300000, script: 30000}, unhandledPromptBehavior: dismiss and notify, webauthn:extension:credBlob: true, webauthn:extension:largeBlob: true, webauthn:virtualAuthenticators: true}
Element: [[ChromeDriver: chrome on WINDOWS (dbbcd9abeedb6f0d8a5104c8d094e780)] -&amp;gt; id: email]
Session ID: dbbcd9abeedb6f0d8a5104c8d094e780">
      <![CDATA[org.openqa.selenium.ElementNotInteractableException: element not interactable
  (Session info: chrome=103.0.5060.114)
Build info: version: '4.1.4', revision: '535d840ee2'
System info: host: 'LKLT1248', ip: '192.168.8.103', os.name: 'Windows 11', os.arch: 'amd64', os.version: '10.0', java.version: '17.0.2'
Driver info: org.openqa.selenium.chrome.ChromeDriver
Command: [dbbcd9abeedb6f0d8a5104c8d094e780, clearElement {id=70654751-fb6a-4d57-aec0-77459bb48b45}]
Capabilities {acceptInsecureCerts: false, browserName: chrome, browserVersion: 103.0.5060.114, chrome: {chromedriverVersion: 103.0.5060.53 (a1711811edd7..., userDataDir: C:\Users\DHANUS~1\AppData\L...}, goog:chromeOptions: {debuggerAddress: localhost:5326}, javascriptEnabled: true, networkConnectionEnabled: false, pageLoadStrategy: normal, platform: WINDOWS, platformName: WINDOWS, proxy: Proxy(), se:cdp: ws://localhost:5326/devtool..., se:cdpVersion: 103.0.5060.114, setWindowRect: true, strictFileInteractability: false, timeouts: {implicit: 0, pageLoad: 300000, script: 30000}, unhandledPromptBehavior: dismiss and notify, webauthn:extension:credBlob: true, webauthn:extension:largeBlob: true, webauthn:virtualAuthenticators: true}
Element: [[ChromeDriver: chrome on WINDOWS (dbbcd9abeedb6f0d8a5104c8d094e780)] -> id: email]
Session ID: dbbcd9abeedb6f0d8a5104c8d094e780
at org.openqa.selenium.remote.codec.w3c.W3CHttpResponseCodec.createException(W3CHttpResponseCodec.java:200)
at org.openqa.selenium.remote.codec.w3c.W3CHttpResponseCodec.decode(W3CHttpResponseCodec.java:133)
at org.openqa.selenium.remote.codec.w3c.W3CHttpResponseCodec.decode(W3CHttpResponseCodec.java:53)
at org.openqa.selenium.remote.HttpCommandExecutor.execute(HttpCommandExecutor.java:184)
at org.openqa.selenium.remote.service.DriverCommandExecutor.invokeExecute(DriverCommandExecutor.java:167)
at org.openqa.selenium.remote.service.DriverCommandExecutor.execute(DriverCommandExecutor.java:142)
at org.openqa.selenium.remote.RemoteWebDriver.execute(RemoteWebDriver.java:567)
at org.openqa.selenium.remote.RemoteWebElement.execute(RemoteWebElement.java:251)
at org.openqa.selenium.remote.RemoteWebElement.clear(RemoteWebElement.java:126)
at com.letskodeit.pageclasses.LoginPage.signInWith(LoginPage.java:25)
at testclasses.AllCoursesTests.setUp(AllCoursesTests.java:37)
at java.base/java.util.ArrayList.forEach(ArrayList.java:1511)
... Removed 32 stack frames]]>
    </failure>
  </testcase> <!-- setUp -->
  <testcase classname="testclasses.AllCoursesTests" name="verifySearchCourse" time="0.001">
    <failure type="java.lang.ArrayIndexOutOfBoundsException" message="Index 1 out of bounds for length 1">
      <![CDATA[java.lang.ArrayIndexOutOfBoundsException: Index 1 out of bounds for length 1
at com.letskodeit.base.CustomDriver.getByType(CustomDriver.java:94)
at com.letskodeit.base.CustomDriver.getElement(CustomDriver.java:131)
at com.letskodeit.base.CustomDriver.elementClick(CustomDriver.java:229)
at com.letskodeit.pageclasses.NavigationPage.allCourses(NavigationPage.java:43)
at testclasses.AllCoursesTests.verifySearchCourse(AllCoursesTests.java:49)
at java.base/java.util.ArrayList.forEach(ArrayList.java:1511)
... Removed 27 stack frames]]>
    </failure>
  </testcase> <!-- verifySearchCourse -->
  <testcase classname="testclasses.AllCoursesTests" name="verifySearchCourse" time="0.002">
    <failure type="java.lang.ArrayIndexOutOfBoundsException" message="Index 1 out of bounds for length 1">
      <![CDATA[java.lang.ArrayIndexOutOfBoundsException: Index 1 out of bounds for length 1
at com.letskodeit.base.CustomDriver.getByType(CustomDriver.java:94)
at com.letskodeit.base.CustomDriver.getElement(CustomDriver.java:131)
at com.letskodeit.base.CustomDriver.elementClick(CustomDriver.java:229)
at com.letskodeit.pageclasses.NavigationPage.allCourses(NavigationPage.java:43)
at testclasses.AllCoursesTests.verifySearchCourse(AllCoursesTests.java:49)
at java.base/java.util.ArrayList.forEach(ArrayList.java:1511)
... Removed 27 stack frames]]>
    </failure>
  </testcase> <!-- verifySearchCourse -->
  <testcase classname="testclasses.LoginTests" name="testInvalidLogin" time="12.971"/>
  <testcase classname="testclasses.LoginTests" name="testLogin" time="0.0">
    <ignored/>
  </testcase> <!-- testLogin -->
</testsuite> <!-- Application Test -->
